<?xml version="1.0" encoding="UTF-8"?>
<testsuite name="packt.java9.by.example.mastermind.GameTest" tests="1" skipped="0" failures="0" errors="0" timestamp="2016-08-31T16:21:30" hostname="MacBook-Pro.local" time="0.005">
  <properties/>
  <testcase name="testSimpleGame" classname="packt.java9.by.example.mastermind.GameTest" time="0.005"/>
  <system-out><![CDATA[BYWb 0/0

RRRR 0/0
GGGG 0/0
BBBB 1/3
YYYB 1/3
WYBW 1/3
bBYW 0/4
YWBb 1/3
BYWb 4/0
]]></system-out>
  <system-err><![CDATA[]]></system-err>
</testsuite>
