<?xml version="1.0" encoding="UTF-8"?>
<testsuite name="packt.java9.by.example.mastermind.RowTest" tests="3" skipped="0" failures="0" errors="0" timestamp="2016-08-31T16:21:30" hostname="MacBook-Pro.local" time="0.001">
  <properties/>
  <testcase name="allButOneColorsAndPositionsMatch" classname="packt.java9.by.example.mastermind.RowTest" time="0.0"/>
  <testcase name="twoColorsWrongPositionOtherGoodPosition" classname="packt.java9.by.example.mastermind.RowTest" time="0.001"/>
  <testcase name="allColorsAndPositionsMatch" classname="packt.java9.by.example.mastermind.RowTest" time="0.0"/>
  <system-out><![CDATA[]]></system-out>
  <system-err><![CDATA[]]></system-err>
</testsuite>
