<?xml version="1.0" encoding="UTF-8"?>
<testsuite name="packt.java9.by.example.mastermind.ColorManagerTest" tests="3" skipped="0" failures="0" errors="0" timestamp="2016-08-31T16:21:30" hostname="MacBook-Pro.local" time="0.003">
  <properties/>
  <testcase name="thereIsAFirstColor" classname="packt.java9.by.example.mastermind.ColorManagerTest" time="0.003"/>
  <testcase name="everyColorHasNextColor" classname="packt.java9.by.example.mastermind.ColorManagerTest" time="0.0"/>
  <testcase name="noColorHasNoNextColor" classname="packt.java9.by.example.mastermind.ColorManagerTest" time="0.0"/>
  <system-out><![CDATA[packt.java9.by.example.mastermind.Color@7e8f70b0
]]></system-out>
  <system-err><![CDATA[]]></system-err>
</testsuite>
