<?xml version="1.0" encoding="UTF-8"?>
<testsuite name="packt.java189fundamentals.mastermind.ColorManagerTest" tests="3" skipped="0" failures="0" errors="0" timestamp="2018-05-08T10:09:47" hostname="EPCHZURW0033" time="0.007">
  <properties/>
  <testcase name="thereIsAFirstColor" classname="packt.java189fundamentals.mastermind.ColorManagerTest" time="0.005"/>
  <testcase name="noColorHasNoNextColor" classname="packt.java189fundamentals.mastermind.ColorManagerTest" time="0.001"/>
  <testcase name="noNextColorIsNullWhenThereIsOne" classname="packt.java189fundamentals.mastermind.ColorManagerTest" time="0.001"/>
  <system-out><![CDATA[]]></system-out>
  <system-err><![CDATA[]]></system-err>
</testsuite>
