<?xml version="1.0" encoding="UTF-8"?>
<testsuite name="packt.java189fundamentals.example.mastermind.UniqueGuesserTest" tests="2" skipped="0" failures="0" errors="0" timestamp="2018-05-08T09:48:04" hostname="EPCHZURW0033" time="0.008">
  <properties/>
  <testcase name="keepsGettingTillItBleedsOut" classname="packt.java189fundamentals.example.mastermind.UniqueGuesserTest" time="0.005"/>
  <testcase name="generateAllGuesses" classname="packt.java189fundamentals.example.mastermind.UniqueGuesserTest" time="0.002"/>
  <system-out><![CDATA[]]></system-out>
  <system-err><![CDATA[]]></system-err>
</testsuite>
