<?xml version="1.0" encoding="UTF-8"?>
<testsuite name="packt.java189fundamentals.example.mastermind.ColorManagerTest" tests="3" skipped="0" failures="0" errors="0" timestamp="2018-05-08T09:48:04" hostname="EPCHZURW0033" time="0.008">
  <properties/>
  <testcase name="thereIsAFirstColor" classname="packt.java189fundamentals.example.mastermind.ColorManagerTest" time="0.007"/>
  <testcase name="noColorHasNoNextColor" classname="packt.java189fundamentals.example.mastermind.ColorManagerTest" time="0.0"/>
  <testcase name="noNextColorIsNullWhenThereIsOne" classname="packt.java189fundamentals.example.mastermind.ColorManagerTest" time="0.0"/>
  <system-out><![CDATA[packt.java189fundamentals.example.mastermind.Color@38abfc76
]]></system-out>
  <system-err><![CDATA[]]></system-err>
</testsuite>
