<?xml version="1.0" encoding="UTF-8"?>
<testsuite name="packt.java189fundamentals.example.mastermind.GameTest" tests="2" skipped="0" failures="0" errors="0" timestamp="2018-05-08T09:48:04" hostname="EPCHZURW0033" time="0.005">
  <properties/>
  <testcase name="canAddNewGuess" classname="packt.java189fundamentals.example.mastermind.GameTest" time="0.004"/>
  <testcase name="throwsExceptionForFinishedGame" classname="packt.java189fundamentals.example.mastermind.GameTest" time="0.0"/>
  <system-out><![CDATA[]]></system-out>
  <system-err><![CDATA[]]></system-err>
</testsuite>
