<?xml version="1.0" encoding="UTF-8"?>
<testsuite name="packt.java189fundamentals.example.mastermind.integration.IntegrationTest" tests="1" skipped="0" failures="0" errors="0" timestamp="2018-05-08T09:48:04" hostname="EPCHZURW0033" time="0.04">
  <properties/>
  <testcase name="testSimpleGame" classname="packt.java189fundamentals.example.mastermind.integration.IntegrationTest" time="0.04"/>
  <system-out><![CDATA[RGBY 0/0

GRWb 0/2
YBbW 0/2
BYGR 0/4
RGYB 2/2
RGBY 4/0
]]></system-out>
  <system-err><![CDATA[]]></system-err>
</testsuite>
