<?xml version="1.0" encoding="UTF-8"?>
<testsuite name="packt.java189fundamentals.example.mastermind.RowTest" tests="4" skipped="0" failures="0" errors="0" timestamp="2018-05-08T09:48:04" hostname="EPCHZURW0033" time="0.001">
  <properties/>
  <testcase name="allButOneColorsAndPositionsMatch" classname="packt.java189fundamentals.example.mastermind.RowTest" time="0.0"/>
  <testcase name="twoColorsWrongPositionOtherGoodPosition" classname="packt.java189fundamentals.example.mastermind.RowTest" time="0.0"/>
  <testcase name="throwsIAEForInvalidMatchParameters" classname="packt.java189fundamentals.example.mastermind.RowTest" time="0.0"/>
  <testcase name="allColorsAndPositionsMatch" classname="packt.java189fundamentals.example.mastermind.RowTest" time="0.0"/>
  <system-out><![CDATA[]]></system-out>
  <system-err><![CDATA[]]></system-err>
</testsuite>
